mode: atomic
github.com/book-expert/png-to-text-service/internal/ocr/cleaner.go:28.28,51.2 1 3
github.com/book-expert/png-to-text-service/internal/ocr/cleaner.go:54.46,55.17 1 10
github.com/book-expert/png-to-text-service/internal/ocr/cleaner.go:55.17,57.3 1 1
github.com/book-expert/png-to-text-service/internal/ocr/cleaner.go:60.2,74.32 8 9
github.com/book-expert/png-to-text-service/internal/ocr/cleaner.go:78.51,86.16 6 9
github.com/book-expert/png-to-text-service/internal/ocr/cleaner.go:86.16,88.3 1 0
github.com/book-expert/png-to-text-service/internal/ocr/cleaner.go:90.2,90.25 1 9
github.com/book-expert/png-to-text-service/internal/ocr/cleaner.go:93.89,96.21 2 9
github.com/book-expert/png-to-text-service/internal/ocr/cleaner.go:96.21,98.17 2 11
github.com/book-expert/png-to-text-service/internal/ocr/cleaner.go:98.17,99.12 1 1
github.com/book-expert/png-to-text-service/internal/ocr/cleaner.go:102.3,102.44 1 10
github.com/book-expert/png-to-text-service/internal/ocr/cleaner.go:106.88,107.13 1 10
github.com/book-expert/png-to-text-service/internal/ocr/cleaner.go:107.13,109.3 1 1
github.com/book-expert/png-to-text-service/internal/ocr/cleaner.go:111.2,113.27 2 10
github.com/book-expert/png-to-text-service/internal/ocr/cleaner.go:116.62,125.2 5 9
github.com/book-expert/png-to-text-service/internal/ocr/cleaner.go:127.51,129.55 2 11
github.com/book-expert/png-to-text-service/internal/ocr/cleaner.go:129.55,131.3 1 1
github.com/book-expert/png-to-text-service/internal/ocr/cleaner.go:133.2,133.51 1 10
github.com/book-expert/png-to-text-service/internal/ocr/tesseract.go:86.74,91.2 1 2
github.com/book-expert/png-to-text-service/internal/ocr/tesseract.go:94.85,96.16 2 4
github.com/book-expert/png-to-text-service/internal/ocr/tesseract.go:96.16,98.3 1 4
github.com/book-expert/png-to-text-service/internal/ocr/tesseract.go:100.2,101.16 2 0
github.com/book-expert/png-to-text-service/internal/ocr/tesseract.go:101.16,103.3 1 0
github.com/book-expert/png-to-text-service/internal/ocr/tesseract.go:105.2,106.42 2 0
github.com/book-expert/png-to-text-service/internal/ocr/tesseract.go:106.42,112.3 1 0
github.com/book-expert/png-to-text-service/internal/ocr/tesseract.go:114.2,114.25 1 0
github.com/book-expert/png-to-text-service/internal/ocr/tesseract.go:118.56,119.58 1 4
github.com/book-expert/png-to-text-service/internal/ocr/tesseract.go:119.58,125.3 1 1
github.com/book-expert/png-to-text-service/internal/ocr/tesseract.go:127.2,128.16 2 3
github.com/book-expert/png-to-text-service/internal/ocr/tesseract.go:128.16,130.3 1 1
github.com/book-expert/png-to-text-service/internal/ocr/tesseract.go:132.2,132.18 1 2
github.com/book-expert/png-to-text-service/internal/ocr/tesseract.go:132.18,138.3 1 1
github.com/book-expert/png-to-text-service/internal/ocr/tesseract.go:140.2,140.22 1 1
github.com/book-expert/png-to-text-service/internal/ocr/tesseract.go:140.22,142.3 1 1
github.com/book-expert/png-to-text-service/internal/ocr/tesseract.go:144.2,144.12 1 0
github.com/book-expert/png-to-text-service/internal/ocr/tesseract.go:148.87,179.16 11 0
github.com/book-expert/png-to-text-service/internal/ocr/tesseract.go:179.16,181.62 1 0
github.com/book-expert/png-to-text-service/internal/ocr/tesseract.go:181.62,188.4 2 0
github.com/book-expert/png-to-text-service/internal/ocr/tesseract.go:190.3,194.4 1 0
github.com/book-expert/png-to-text-service/internal/ocr/tesseract.go:197.2,197.29 1 0
github.com/book-expert/png-to-text-service/internal/ocr/tesseract.go:201.89,231.16 11 0
github.com/book-expert/png-to-text-service/internal/ocr/tesseract.go:231.16,237.3 1 0
github.com/book-expert/png-to-text-service/internal/ocr/tesseract.go:239.2,239.29 1 0
github.com/book-expert/png-to-text-service/internal/ocr/tesseract.go:243.54,244.16 1 0
github.com/book-expert/png-to-text-service/internal/ocr/tesseract.go:244.16,246.3 1 0
github.com/book-expert/png-to-text-service/internal/ocr/tesseract.go:248.2,250.28 2 0
github.com/book-expert/png-to-text-service/internal/pipeline/pipeline.go:48.22,50.16 2 4
github.com/book-expert/png-to-text-service/internal/pipeline/pipeline.go:50.16,52.3 1 0
github.com/book-expert/png-to-text-service/internal/pipeline/pipeline.go:53.2,54.56 2 4
github.com/book-expert/png-to-text-service/internal/pipeline/pipeline.go:54.56,60.3 1 0
github.com/book-expert/png-to-text-service/internal/pipeline/pipeline.go:62.2,70.8 1 4
github.com/book-expert/png-to-text-service/internal/pipeline/pipeline.go:79.19,85.16 3 4
github.com/book-expert/png-to-text-service/internal/pipeline/pipeline.go:85.16,87.3 1 0
github.com/book-expert/png-to-text-service/internal/pipeline/pipeline.go:88.2,90.22 2 4
github.com/book-expert/png-to-text-service/internal/pipeline/pipeline.go:90.22,91.16 1 4
github.com/book-expert/png-to-text-service/internal/pipeline/pipeline.go:91.16,92.49 1 4
github.com/book-expert/png-to-text-service/internal/pipeline/pipeline.go:92.49,98.5 1 0
github.com/book-expert/png-to-text-service/internal/pipeline/pipeline.go:102.2,105.16 3 4
github.com/book-expert/png-to-text-service/internal/pipeline/pipeline.go:105.16,107.3 1 1
github.com/book-expert/png-to-text-service/internal/pipeline/pipeline.go:109.2,109.40 1 3
github.com/book-expert/png-to-text-service/internal/pipeline/pipeline.go:109.40,115.3 1 1
github.com/book-expert/png-to-text-service/internal/pipeline/pipeline.go:115.8,118.17 3 2
github.com/book-expert/png-to-text-service/internal/pipeline/pipeline.go:118.17,120.4 1 1
github.com/book-expert/png-to-text-service/internal/pipeline/pipeline.go:120.9,122.4 1 1
github.com/book-expert/png-to-text-service/internal/pipeline/pipeline.go:125.2,126.25 2 3
github.com/book-expert/png-to-text-service/internal/pipeline/pipeline.go:129.66,131.16 2 4
github.com/book-expert/png-to-text-service/internal/pipeline/pipeline.go:131.16,133.3 1 0
github.com/book-expert/png-to-text-service/internal/pipeline/pipeline.go:135.2,135.47 1 4
github.com/book-expert/png-to-text-service/internal/pipeline/pipeline.go:135.47,136.51 1 0
github.com/book-expert/png-to-text-service/internal/pipeline/pipeline.go:136.51,142.4 1 0
github.com/book-expert/png-to-text-service/internal/pipeline/pipeline.go:143.3,143.56 1 0
github.com/book-expert/png-to-text-service/internal/pipeline/pipeline.go:146.2,146.40 1 4
github.com/book-expert/png-to-text-service/internal/pipeline/pipeline.go:146.40,148.3 1 0
github.com/book-expert/png-to-text-service/internal/pipeline/pipeline.go:149.2,149.21 1 4
github.com/book-expert/png-to-text-service/internal/config/config.go:145.67,146.22 1 5
github.com/book-expert/png-to-text-service/internal/config/config.go:146.22,147.63 1 0
github.com/book-expert/png-to-text-service/internal/config/config.go:147.63,152.4 1 0
github.com/book-expert/png-to-text-service/internal/config/config.go:155.2,157.16 3 5
github.com/book-expert/png-to-text-service/internal/config/config.go:157.16,159.3 1 3
github.com/book-expert/png-to-text-service/internal/config/config.go:161.2,162.16 2 2
github.com/book-expert/png-to-text-service/internal/config/config.go:162.16,164.3 1 0
github.com/book-expert/png-to-text-service/internal/config/config.go:166.2,166.18 1 2
github.com/book-expert/png-to-text-service/internal/config/config.go:171.37,172.52 1 2
github.com/book-expert/png-to-text-service/internal/config/config.go:172.52,174.3 1 0
github.com/book-expert/png-to-text-service/internal/config/config.go:175.2,175.60 1 2
github.com/book-expert/png-to-text-service/internal/config/config.go:179.44,181.18 2 1
github.com/book-expert/png-to-text-service/internal/config/config.go:181.18,183.3 1 0
github.com/book-expert/png-to-text-service/internal/config/config.go:184.2,185.16 2 1
github.com/book-expert/png-to-text-service/internal/config/config.go:185.16,187.3 1 0
github.com/book-expert/png-to-text-service/internal/config/config.go:188.2,188.12 1 1
github.com/book-expert/png-to-text-service/internal/config/config.go:192.57,194.18 2 1
github.com/book-expert/png-to-text-service/internal/config/config.go:194.18,196.3 1 0
github.com/book-expert/png-to-text-service/internal/config/config.go:197.2,197.40 1 1
github.com/book-expert/png-to-text-service/internal/config/config.go:201.35,204.2 2 2
github.com/book-expert/png-to-text-service/internal/config/config.go:207.34,223.42 8 2
github.com/book-expert/png-to-text-service/internal/config/config.go:223.42,225.3 1 2
github.com/book-expert/png-to-text-service/internal/config/config.go:228.2,228.48 1 2
github.com/book-expert/png-to-text-service/internal/config/config.go:228.48,230.3 1 2
github.com/book-expert/png-to-text-service/internal/config/config.go:231.2,240.77 4 2
github.com/book-expert/png-to-text-service/internal/config/config.go:244.59,245.18 1 6
github.com/book-expert/png-to-text-service/internal/config/config.go:245.18,247.3 1 6
github.com/book-expert/png-to-text-service/internal/config/config.go:251.50,252.17 1 16
github.com/book-expert/png-to-text-service/internal/config/config.go:252.17,254.3 1 16
github.com/book-expert/png-to-text-service/internal/augment/gemini.go:111.84,119.2 1 0
github.com/book-expert/png-to-text-service/internal/augment/gemini.go:125.19,126.61 1 0
github.com/book-expert/png-to-text-service/internal/augment/gemini.go:126.61,128.3 1 0
github.com/book-expert/png-to-text-service/internal/augment/gemini.go:130.2,131.16 2 0
github.com/book-expert/png-to-text-service/internal/augment/gemini.go:131.16,133.3 1 0
github.com/book-expert/png-to-text-service/internal/augment/gemini.go:135.2,136.16 2 0
github.com/book-expert/png-to-text-service/internal/augment/gemini.go:136.16,138.3 1 0
github.com/book-expert/png-to-text-service/internal/augment/gemini.go:140.2,140.57 1 0
github.com/book-expert/png-to-text-service/internal/augment/gemini.go:146.19,147.31 1 0
github.com/book-expert/png-to-text-service/internal/augment/gemini.go:147.31,149.3 1 0
github.com/book-expert/png-to-text-service/internal/augment/gemini.go:151.2,152.44 2 0
github.com/book-expert/png-to-text-service/internal/augment/gemini.go:152.44,154.3 1 0
github.com/book-expert/png-to-text-service/internal/augment/gemini.go:154.8,156.3 1 0
github.com/book-expert/png-to-text-service/internal/augment/gemini.go:158.2,158.70 1 0
github.com/book-expert/png-to-text-service/internal/augment/gemini.go:165.19,190.17 6 0
github.com/book-expert/png-to-text-service/internal/augment/gemini.go:190.17,192.30 2 0
github.com/book-expert/png-to-text-service/internal/augment/gemini.go:192.30,194.4 1 0
github.com/book-expert/png-to-text-service/internal/augment/gemini.go:198.2,199.16 2 0
github.com/book-expert/png-to-text-service/internal/augment/gemini.go:199.16,201.3 1 0
github.com/book-expert/png-to-text-service/internal/augment/gemini.go:204.2,204.36 1 0
github.com/book-expert/png-to-text-service/internal/augment/gemini.go:207.69,208.21 1 0
github.com/book-expert/png-to-text-service/internal/augment/gemini.go:208.21,210.3 1 0
github.com/book-expert/png-to-text-service/internal/augment/gemini.go:212.2,213.16 2 0
github.com/book-expert/png-to-text-service/internal/augment/gemini.go:213.16,215.3 1 0
github.com/book-expert/png-to-text-service/internal/augment/gemini.go:217.2,217.12 1 0
github.com/book-expert/png-to-text-service/internal/augment/gemini.go:222.43,224.16 2 0
github.com/book-expert/png-to-text-service/internal/augment/gemini.go:224.16,226.3 1 0
github.com/book-expert/png-to-text-service/internal/augment/gemini.go:228.2,228.33 1 0
github.com/book-expert/png-to-text-service/internal/augment/gemini.go:233.45,235.16 2 0
github.com/book-expert/png-to-text-service/internal/augment/gemini.go:235.16,237.3 1 0
github.com/book-expert/png-to-text-service/internal/augment/gemini.go:239.2,242.39 3 0
github.com/book-expert/png-to-text-service/internal/augment/gemini.go:245.72,247.13 2 0
github.com/book-expert/png-to-text-service/internal/augment/gemini.go:248.14,249.21 1 0
github.com/book-expert/png-to-text-service/internal/augment/gemini.go:250.23,251.22 1 0
github.com/book-expert/png-to-text-service/internal/augment/gemini.go:252.15,253.22 1 0
github.com/book-expert/png-to-text-service/internal/augment/gemini.go:254.10,255.21 1 0
github.com/book-expert/png-to-text-service/internal/augment/gemini.go:262.19,265.40 2 0
github.com/book-expert/png-to-text-service/internal/augment/gemini.go:265.40,273.52 2 0
github.com/book-expert/png-to-text-service/internal/augment/gemini.go:273.52,275.4 1 0
github.com/book-expert/png-to-text-service/internal/augment/gemini.go:277.3,278.51 2 0
github.com/book-expert/png-to-text-service/internal/augment/gemini.go:281.2,281.69 1 0
github.com/book-expert/png-to-text-service/internal/augment/gemini.go:287.19,290.62 2 0
github.com/book-expert/png-to-text-service/internal/augment/gemini.go:290.62,292.52 2 0
github.com/book-expert/png-to-text-service/internal/augment/gemini.go:292.52,294.4 1 0
github.com/book-expert/png-to-text-service/internal/augment/gemini.go:296.3,298.36 2 0
github.com/book-expert/png-to-text-service/internal/augment/gemini.go:298.36,299.11 1 0
github.com/book-expert/png-to-text-service/internal/augment/gemini.go:300.22,301.25 1 0
github.com/book-expert/png-to-text-service/internal/augment/gemini.go:302.79,302.79 0 0
github.com/book-expert/png-to-text-service/internal/augment/gemini.go:308.2,313.3 1 0
github.com/book-expert/png-to-text-service/internal/augment/gemini.go:319.19,349.16 4 0
github.com/book-expert/png-to-text-service/internal/augment/gemini.go:349.16,351.3 1 0
github.com/book-expert/png-to-text-service/internal/augment/gemini.go:353.2,359.16 2 0
github.com/book-expert/png-to-text-service/internal/augment/gemini.go:359.16,361.3 1 0
github.com/book-expert/png-to-text-service/internal/augment/gemini.go:363.2,366.16 3 0
github.com/book-expert/png-to-text-service/internal/augment/gemini.go:366.16,368.3 1 0
github.com/book-expert/png-to-text-service/internal/augment/gemini.go:369.2,369.15 1 0
github.com/book-expert/png-to-text-service/internal/augment/gemini.go:369.15,370.43 1 0
github.com/book-expert/png-to-text-service/internal/augment/gemini.go:370.43,372.4 1 0
github.com/book-expert/png-to-text-service/internal/augment/gemini.go:375.2,376.16 2 0
github.com/book-expert/png-to-text-service/internal/augment/gemini.go:376.16,378.3 1 0
github.com/book-expert/png-to-text-service/internal/augment/gemini.go:380.2,380.53 1 0
github.com/book-expert/png-to-text-service/internal/augment/gemini.go:380.53,386.3 1 0
github.com/book-expert/png-to-text-service/internal/augment/gemini.go:388.2,389.63 2 0
github.com/book-expert/png-to-text-service/internal/augment/gemini.go:389.63,391.3 1 0
github.com/book-expert/png-to-text-service/internal/augment/gemini.go:393.2,394.52 1 0
github.com/book-expert/png-to-text-service/internal/augment/gemini.go:394.52,396.3 1 0
github.com/book-expert/png-to-text-service/internal/augment/gemini.go:398.2,399.62 2 0
github.com/book-expert/png-to-text-service/internal/augment/gemini.go:399.62,401.3 1 0
github.com/book-expert/png-to-text-service/internal/augment/gemini.go:403.2,403.34 1 0
github.com/book-expert/png-to-text-service/cmd/png-to-text-service/main.go:21.13,24.16 2 0
github.com/book-expert/png-to-text-service/cmd/png-to-text-service/main.go:24.16,27.3 2 0
github.com/book-expert/png-to-text-service/cmd/png-to-text-service/main.go:30.2,31.16 2 0
github.com/book-expert/png-to-text-service/cmd/png-to-text-service/main.go:31.16,33.3 1 0
github.com/book-expert/png-to-text-service/cmd/png-to-text-service/main.go:36.2,37.16 2 0
github.com/book-expert/png-to-text-service/cmd/png-to-text-service/main.go:37.16,40.3 2 0
github.com/book-expert/png-to-text-service/cmd/png-to-text-service/main.go:42.2,59.24 8 0
github.com/book-expert/png-to-text-service/cmd/png-to-text-service/main.go:59.24,64.3 1 0
github.com/book-expert/png-to-text-service/cmd/png-to-text-service/main.go:65.2,92.16 4 0
github.com/book-expert/png-to-text-service/cmd/png-to-text-service/main.go:92.16,94.3 1 0
github.com/book-expert/png-to-text-service/cmd/png-to-text-service/main.go:97.2,107.16 2 0
github.com/book-expert/png-to-text-service/cmd/png-to-text-service/main.go:107.16,109.3 1 0
github.com/book-expert/png-to-text-service/cmd/png-to-text-service/main.go:111.2,111.12 1 0
github.com/book-expert/png-to-text-service/cmd/png-to-text-service/main.go:111.12,113.45 2 0
github.com/book-expert/png-to-text-service/cmd/png-to-text-service/main.go:113.45,116.4 2 0
github.com/book-expert/png-to-text-service/cmd/png-to-text-service/main.go:119.2,123.32 5 0
github.com/book-expert/png-to-text-service/internal/worker/worker.go:38.24,45.16 2 0
github.com/book-expert/png-to-text-service/internal/worker/worker.go:45.16,47.3 1 0
github.com/book-expert/png-to-text-service/internal/worker/worker.go:49.2,52.16 3 0
github.com/book-expert/png-to-text-service/internal/worker/worker.go:52.16,54.3 1 0
github.com/book-expert/png-to-text-service/internal/worker/worker.go:57.2,57.53 1 0
github.com/book-expert/png-to-text-service/internal/worker/worker.go:57.53,59.3 1 0
github.com/book-expert/png-to-text-service/internal/worker/worker.go:61.2,73.8 2 0
github.com/book-expert/png-to-text-service/internal/worker/worker.go:77.53,83.16 2 0
github.com/book-expert/png-to-text-service/internal/worker/worker.go:83.16,85.3 1 0
github.com/book-expert/png-to-text-service/internal/worker/worker.go:87.2,90.6 3 0
github.com/book-expert/png-to-text-service/internal/worker/worker.go:90.6,91.10 1 0
github.com/book-expert/png-to-text-service/internal/worker/worker.go:92.21,95.14 2 0
github.com/book-expert/png-to-text-service/internal/worker/worker.go:96.11,98.18 2 0
github.com/book-expert/png-to-text-service/internal/worker/worker.go:98.18,99.40 1 0
github.com/book-expert/png-to-text-service/internal/worker/worker.go:99.40,100.14 1 0
github.com/book-expert/png-to-text-service/internal/worker/worker.go:103.5,105.13 2 0
github.com/book-expert/png-to-text-service/internal/worker/worker.go:108.4,108.21 1 0
github.com/book-expert/png-to-text-service/internal/worker/worker.go:108.21,110.5 1 0
github.com/book-expert/png-to-text-service/internal/worker/worker.go:116.68,120.16 3 0
github.com/book-expert/png-to-text-service/internal/worker/worker.go:120.16,125.35 2 0
github.com/book-expert/png-to-text-service/internal/worker/worker.go:125.35,127.4 1 0
github.com/book-expert/png-to-text-service/internal/worker/worker.go:129.3,129.9 1 0
github.com/book-expert/png-to-text-service/internal/worker/worker.go:132.2,135.23 3 0
github.com/book-expert/png-to-text-service/internal/worker/worker.go:135.23,140.35 2 0
github.com/book-expert/png-to-text-service/internal/worker/worker.go:140.35,146.4 1 0
github.com/book-expert/png-to-text-service/internal/worker/worker.go:148.3,148.9 1 0
github.com/book-expert/png-to-text-service/internal/worker/worker.go:151.2,152.16 2 0
github.com/book-expert/png-to-text-service/internal/worker/worker.go:152.16,155.78 2 0
github.com/book-expert/png-to-text-service/internal/worker/worker.go:155.78,161.4 1 0
github.com/book-expert/png-to-text-service/internal/worker/worker.go:163.3,163.41 1 0
github.com/book-expert/png-to-text-service/internal/worker/worker.go:163.41,169.4 1 0
github.com/book-expert/png-to-text-service/internal/worker/worker.go:171.3,171.9 1 0
github.com/book-expert/png-to-text-service/internal/worker/worker.go:175.2,175.80 1 0
github.com/book-expert/png-to-text-service/internal/worker/worker.go:175.80,184.35 2 0
github.com/book-expert/png-to-text-service/internal/worker/worker.go:184.35,190.4 1 0
github.com/book-expert/png-to-text-service/internal/worker/worker.go:191.3,191.9 1 0
github.com/book-expert/png-to-text-service/internal/worker/worker.go:194.2,195.34 2 0
github.com/book-expert/png-to-text-service/internal/worker/worker.go:195.34,201.3 1 0
