mode: atomic
github.com/book-expert/png-to-text-service/cmd/png-to-text-service/main.go:28.58,30.16 2 0
github.com/book-expert/png-to-text-service/cmd/png-to-text-service/main.go:30.16,32.3 1 0
github.com/book-expert/png-to-text-service/cmd/png-to-text-service/main.go:34.2,34.17 1 0
github.com/book-expert/png-to-text-service/cmd/png-to-text-service/main.go:37.70,39.16 2 0
github.com/book-expert/png-to-text-service/cmd/png-to-text-service/main.go:39.16,41.3 1 0
github.com/book-expert/png-to-text-service/cmd/png-to-text-service/main.go:43.2,43.17 1 0
github.com/book-expert/png-to-text-service/cmd/png-to-text-service/main.go:46.78,56.2 2 0
github.com/book-expert/png-to-text-service/cmd/png-to-text-service/main.go:58.91,60.24 2 0
github.com/book-expert/png-to-text-service/cmd/png-to-text-service/main.go:60.24,65.3 1 0
github.com/book-expert/png-to-text-service/cmd/png-to-text-service/main.go:67.2,81.51 2 0
github.com/book-expert/png-to-text-service/cmd/png-to-text-service/main.go:89.31,104.16 2 0
github.com/book-expert/png-to-text-service/cmd/png-to-text-service/main.go:104.16,106.3 1 0
github.com/book-expert/png-to-text-service/cmd/png-to-text-service/main.go:108.2,108.26 1 0
github.com/book-expert/png-to-text-service/cmd/png-to-text-service/main.go:115.31,126.16 2 0
github.com/book-expert/png-to-text-service/cmd/png-to-text-service/main.go:126.16,128.3 1 0
github.com/book-expert/png-to-text-service/cmd/png-to-text-service/main.go:130.2,130.24 1 0
github.com/book-expert/png-to-text-service/cmd/png-to-text-service/main.go:133.88,134.12 1 0
github.com/book-expert/png-to-text-service/cmd/png-to-text-service/main.go:134.12,138.17 3 0
github.com/book-expert/png-to-text-service/cmd/png-to-text-service/main.go:138.17,141.4 1 0
github.com/book-expert/png-to-text-service/cmd/png-to-text-service/main.go:145.18,148.16 2 0
github.com/book-expert/png-to-text-service/cmd/png-to-text-service/main.go:148.16,150.3 1 0
github.com/book-expert/png-to-text-service/cmd/png-to-text-service/main.go:153.2,154.16 2 0
github.com/book-expert/png-to-text-service/cmd/png-to-text-service/main.go:154.16,158.3 2 0
github.com/book-expert/png-to-text-service/cmd/png-to-text-service/main.go:161.2,162.16 2 0
github.com/book-expert/png-to-text-service/cmd/png-to-text-service/main.go:162.16,164.3 1 0
github.com/book-expert/png-to-text-service/cmd/png-to-text-service/main.go:166.2,179.16 8 0
github.com/book-expert/png-to-text-service/cmd/png-to-text-service/main.go:179.16,183.3 2 0
github.com/book-expert/png-to-text-service/cmd/png-to-text-service/main.go:186.2,187.16 2 0
github.com/book-expert/png-to-text-service/cmd/png-to-text-service/main.go:187.16,191.3 2 0
github.com/book-expert/png-to-text-service/cmd/png-to-text-service/main.go:193.2,200.12 6 0
github.com/book-expert/png-to-text-service/cmd/png-to-text-service/main.go:203.13,205.16 2 0
github.com/book-expert/png-to-text-service/cmd/png-to-text-service/main.go:205.16,208.3 2 0
github.com/book-expert/png-to-text-service/internal/augment/gemini.go:126.84,137.2 1 0
github.com/book-expert/png-to-text-service/internal/augment/gemini.go:145.19,147.16 2 0
github.com/book-expert/png-to-text-service/internal/augment/gemini.go:147.16,149.3 1 0
github.com/book-expert/png-to-text-service/internal/augment/gemini.go:151.2,152.16 2 0
github.com/book-expert/png-to-text-service/internal/augment/gemini.go:152.16,154.3 1 0
github.com/book-expert/png-to-text-service/internal/augment/gemini.go:156.2,157.16 2 0
github.com/book-expert/png-to-text-service/internal/augment/gemini.go:157.16,159.3 1 0
github.com/book-expert/png-to-text-service/internal/augment/gemini.go:161.2,161.57 1 0
github.com/book-expert/png-to-text-service/internal/augment/gemini.go:167.19,168.31 1 0
github.com/book-expert/png-to-text-service/internal/augment/gemini.go:168.31,170.3 1 0
github.com/book-expert/png-to-text-service/internal/augment/gemini.go:172.2,173.44 2 0
github.com/book-expert/png-to-text-service/internal/augment/gemini.go:173.44,175.3 1 0
github.com/book-expert/png-to-text-service/internal/augment/gemini.go:175.8,177.3 1 0
github.com/book-expert/png-to-text-service/internal/augment/gemini.go:179.2,179.70 1 0
github.com/book-expert/png-to-text-service/internal/augment/gemini.go:186.19,216.17 6 0
github.com/book-expert/png-to-text-service/internal/augment/gemini.go:216.17,218.30 2 0
github.com/book-expert/png-to-text-service/internal/augment/gemini.go:218.30,220.4 1 0
github.com/book-expert/png-to-text-service/internal/augment/gemini.go:224.2,225.16 2 0
github.com/book-expert/png-to-text-service/internal/augment/gemini.go:225.16,227.3 1 0
github.com/book-expert/png-to-text-service/internal/augment/gemini.go:230.2,230.36 1 0
github.com/book-expert/png-to-text-service/internal/augment/gemini.go:233.69,234.21 1 0
github.com/book-expert/png-to-text-service/internal/augment/gemini.go:234.21,236.3 1 0
github.com/book-expert/png-to-text-service/internal/augment/gemini.go:238.2,239.16 2 0
github.com/book-expert/png-to-text-service/internal/augment/gemini.go:239.16,241.3 1 0
github.com/book-expert/png-to-text-service/internal/augment/gemini.go:243.2,243.12 1 0
github.com/book-expert/png-to-text-service/internal/augment/gemini.go:248.43,250.16 2 0
github.com/book-expert/png-to-text-service/internal/augment/gemini.go:250.16,252.3 1 0
github.com/book-expert/png-to-text-service/internal/augment/gemini.go:254.2,254.33 1 0
github.com/book-expert/png-to-text-service/internal/augment/gemini.go:259.45,263.16 3 0
github.com/book-expert/png-to-text-service/internal/augment/gemini.go:263.16,265.3 1 0
github.com/book-expert/png-to-text-service/internal/augment/gemini.go:267.2,270.39 3 0
github.com/book-expert/png-to-text-service/internal/augment/gemini.go:273.72,275.13 2 0
github.com/book-expert/png-to-text-service/internal/augment/gemini.go:276.14,277.21 1 0
github.com/book-expert/png-to-text-service/internal/augment/gemini.go:278.23,279.22 1 0
github.com/book-expert/png-to-text-service/internal/augment/gemini.go:280.15,281.22 1 0
github.com/book-expert/png-to-text-service/internal/augment/gemini.go:282.10,283.21 1 0
github.com/book-expert/png-to-text-service/internal/augment/gemini.go:290.19,293.40 2 0
github.com/book-expert/png-to-text-service/internal/augment/gemini.go:293.40,301.52 2 0
github.com/book-expert/png-to-text-service/internal/augment/gemini.go:301.52,303.4 1 0
github.com/book-expert/png-to-text-service/internal/augment/gemini.go:305.3,306.51 2 0
github.com/book-expert/png-to-text-service/internal/augment/gemini.go:309.2,309.69 1 0
github.com/book-expert/png-to-text-service/internal/augment/gemini.go:315.19,318.62 2 0
github.com/book-expert/png-to-text-service/internal/augment/gemini.go:318.62,320.52 2 0
github.com/book-expert/png-to-text-service/internal/augment/gemini.go:320.52,322.4 1 0
github.com/book-expert/png-to-text-service/internal/augment/gemini.go:324.3,326.36 2 0
github.com/book-expert/png-to-text-service/internal/augment/gemini.go:326.36,327.11 1 0
github.com/book-expert/png-to-text-service/internal/augment/gemini.go:328.22,329.57 1 0
github.com/book-expert/png-to-text-service/internal/augment/gemini.go:330.79,330.79 0 0
github.com/book-expert/png-to-text-service/internal/augment/gemini.go:336.2,341.3 1 0
github.com/book-expert/png-to-text-service/internal/augment/gemini.go:346.19,372.16 3 0
github.com/book-expert/png-to-text-service/internal/augment/gemini.go:372.16,374.3 1 0
github.com/book-expert/png-to-text-service/internal/augment/gemini.go:376.2,376.22 1 0
github.com/book-expert/png-to-text-service/internal/augment/gemini.go:383.27,390.16 2 0
github.com/book-expert/png-to-text-service/internal/augment/gemini.go:390.16,392.3 1 0
github.com/book-expert/png-to-text-service/internal/augment/gemini.go:394.2,397.16 3 0
github.com/book-expert/png-to-text-service/internal/augment/gemini.go:397.16,399.3 1 0
github.com/book-expert/png-to-text-service/internal/augment/gemini.go:401.2,401.18 1 0
github.com/book-expert/png-to-text-service/internal/augment/gemini.go:406.19,408.16 2 0
github.com/book-expert/png-to-text-service/internal/augment/gemini.go:408.16,410.3 1 0
github.com/book-expert/png-to-text-service/internal/augment/gemini.go:412.2,412.53 1 0
github.com/book-expert/png-to-text-service/internal/augment/gemini.go:412.53,418.3 1 0
github.com/book-expert/png-to-text-service/internal/augment/gemini.go:420.2,423.25 3 0
github.com/book-expert/png-to-text-service/internal/augment/gemini.go:423.25,425.3 1 0
github.com/book-expert/png-to-text-service/internal/augment/gemini.go:427.2,428.52 1 0
github.com/book-expert/png-to-text-service/internal/augment/gemini.go:428.52,430.3 1 0
github.com/book-expert/png-to-text-service/internal/augment/gemini.go:432.2,433.62 2 0
github.com/book-expert/png-to-text-service/internal/augment/gemini.go:433.62,435.3 1 0
github.com/book-expert/png-to-text-service/internal/augment/gemini.go:437.2,437.34 1 0
github.com/book-expert/png-to-text-service/internal/augment/gemini.go:443.19,451.16 3 0
github.com/book-expert/png-to-text-service/internal/augment/gemini.go:451.16,453.3 1 0
github.com/book-expert/png-to-text-service/internal/augment/gemini.go:455.2,456.16 2 0
github.com/book-expert/png-to-text-service/internal/augment/gemini.go:456.16,458.3 1 0
github.com/book-expert/png-to-text-service/internal/augment/gemini.go:460.2,460.15 1 0
github.com/book-expert/png-to-text-service/internal/augment/gemini.go:460.15,462.22 2 0
github.com/book-expert/png-to-text-service/internal/augment/gemini.go:462.22,464.4 1 0
github.com/book-expert/png-to-text-service/internal/augment/gemini.go:467.2,467.38 1 0
github.com/book-expert/png-to-text-service/internal/worker/worker.go:47.24,54.16 2 0
github.com/book-expert/png-to-text-service/internal/worker/worker.go:54.16,56.3 1 0
github.com/book-expert/png-to-text-service/internal/worker/worker.go:58.2,61.16 3 0
github.com/book-expert/png-to-text-service/internal/worker/worker.go:61.16,63.3 1 0
github.com/book-expert/png-to-text-service/internal/worker/worker.go:66.2,67.26 2 0
github.com/book-expert/png-to-text-service/internal/worker/worker.go:67.26,69.3 1 0
github.com/book-expert/png-to-text-service/internal/worker/worker.go:71.2,83.8 2 0
github.com/book-expert/png-to-text-service/internal/worker/worker.go:87.53,93.16 2 0
github.com/book-expert/png-to-text-service/internal/worker/worker.go:93.16,95.3 1 0
github.com/book-expert/png-to-text-service/internal/worker/worker.go:97.2,100.6 3 0
github.com/book-expert/png-to-text-service/internal/worker/worker.go:100.6,101.10 1 0
github.com/book-expert/png-to-text-service/internal/worker/worker.go:102.21,105.14 2 0
github.com/book-expert/png-to-text-service/internal/worker/worker.go:106.11,108.18 2 0
github.com/book-expert/png-to-text-service/internal/worker/worker.go:108.18,109.40 1 0
github.com/book-expert/png-to-text-service/internal/worker/worker.go:109.40,110.14 1 0
github.com/book-expert/png-to-text-service/internal/worker/worker.go:113.5,115.13 2 0
github.com/book-expert/png-to-text-service/internal/worker/worker.go:118.4,118.21 1 0
github.com/book-expert/png-to-text-service/internal/worker/worker.go:118.21,120.5 1 0
github.com/book-expert/png-to-text-service/internal/worker/worker.go:126.68,130.20 3 0
github.com/book-expert/png-to-text-service/internal/worker/worker.go:130.20,134.3 2 0
github.com/book-expert/png-to-text-service/internal/worker/worker.go:136.2,139.23 3 0
github.com/book-expert/png-to-text-service/internal/worker/worker.go:139.23,143.3 2 0
github.com/book-expert/png-to-text-service/internal/worker/worker.go:145.2,146.24 2 0
github.com/book-expert/png-to-text-service/internal/worker/worker.go:146.24,150.3 2 0
github.com/book-expert/png-to-text-service/internal/worker/worker.go:152.2,153.23 2 0
github.com/book-expert/png-to-text-service/internal/worker/worker.go:153.23,157.3 2 0
github.com/book-expert/png-to-text-service/internal/worker/worker.go:159.2,162.19 3 0
github.com/book-expert/png-to-text-service/internal/worker/worker.go:162.19,168.3 1 0
github.com/book-expert/png-to-text-service/internal/worker/worker.go:171.79,178.19 3 0
github.com/book-expert/png-to-text-service/internal/worker/worker.go:178.19,180.3 1 0
github.com/book-expert/png-to-text-service/internal/worker/worker.go:183.100,187.19 3 0
github.com/book-expert/png-to-text-service/internal/worker/worker.go:187.19,193.3 1 0
github.com/book-expert/png-to-text-service/internal/worker/worker.go:195.2,196.19 2 0
github.com/book-expert/png-to-text-service/internal/worker/worker.go:196.19,202.3 1 0
github.com/book-expert/png-to-text-service/internal/worker/worker.go:205.98,213.19 3 0
github.com/book-expert/png-to-text-service/internal/worker/worker.go:213.19,219.3 1 0
github.com/book-expert/png-to-text-service/internal/worker/worker.go:222.73,226.19 3 0
github.com/book-expert/png-to-text-service/internal/worker/worker.go:226.19,228.3 1 0
github.com/book-expert/png-to-text-service/internal/pipeline/pipeline.go:52.22,54.16 2 4
github.com/book-expert/png-to-text-service/internal/pipeline/pipeline.go:54.16,56.3 1 0
github.com/book-expert/png-to-text-service/internal/pipeline/pipeline.go:58.2,61.16 3 4
github.com/book-expert/png-to-text-service/internal/pipeline/pipeline.go:61.16,67.3 1 0
github.com/book-expert/png-to-text-service/internal/pipeline/pipeline.go:69.2,77.8 1 4
github.com/book-expert/png-to-text-service/internal/pipeline/pipeline.go:86.19,92.16 3 4
github.com/book-expert/png-to-text-service/internal/pipeline/pipeline.go:92.16,94.3 1 0
github.com/book-expert/png-to-text-service/internal/pipeline/pipeline.go:96.2,98.22 2 4
github.com/book-expert/png-to-text-service/internal/pipeline/pipeline.go:98.22,99.16 1 4
github.com/book-expert/png-to-text-service/internal/pipeline/pipeline.go:99.16,101.18 2 4
github.com/book-expert/png-to-text-service/internal/pipeline/pipeline.go:101.18,107.5 1 0
github.com/book-expert/png-to-text-service/internal/pipeline/pipeline.go:111.2,114.16 3 4
github.com/book-expert/png-to-text-service/internal/pipeline/pipeline.go:114.16,116.3 1 1
github.com/book-expert/png-to-text-service/internal/pipeline/pipeline.go:118.2,118.40 1 3
github.com/book-expert/png-to-text-service/internal/pipeline/pipeline.go:118.40,124.3 1 1
github.com/book-expert/png-to-text-service/internal/pipeline/pipeline.go:124.8,128.17 3 2
github.com/book-expert/png-to-text-service/internal/pipeline/pipeline.go:128.17,130.4 1 1
github.com/book-expert/png-to-text-service/internal/pipeline/pipeline.go:130.9,132.4 1 1
github.com/book-expert/png-to-text-service/internal/pipeline/pipeline.go:135.2,137.25 2 3
github.com/book-expert/png-to-text-service/internal/pipeline/pipeline.go:140.66,142.16 2 4
github.com/book-expert/png-to-text-service/internal/pipeline/pipeline.go:142.16,144.3 1 0
github.com/book-expert/png-to-text-service/internal/pipeline/pipeline.go:146.2,147.16 2 4
github.com/book-expert/png-to-text-service/internal/pipeline/pipeline.go:147.16,149.22 2 0
github.com/book-expert/png-to-text-service/internal/pipeline/pipeline.go:149.22,155.4 1 0
github.com/book-expert/png-to-text-service/internal/pipeline/pipeline.go:157.3,157.56 1 0
github.com/book-expert/png-to-text-service/internal/pipeline/pipeline.go:160.2,161.21 2 4
github.com/book-expert/png-to-text-service/internal/pipeline/pipeline.go:161.21,163.3 1 0
github.com/book-expert/png-to-text-service/internal/pipeline/pipeline.go:165.2,165.21 1 4
github.com/book-expert/png-to-text-service/internal/ocr/cleaner.go:28.28,51.2 1 3
github.com/book-expert/png-to-text-service/internal/ocr/cleaner.go:54.46,55.17 1 10
github.com/book-expert/png-to-text-service/internal/ocr/cleaner.go:55.17,57.3 1 1
github.com/book-expert/png-to-text-service/internal/ocr/cleaner.go:60.2,74.32 8 9
github.com/book-expert/png-to-text-service/internal/ocr/cleaner.go:78.51,86.16 6 9
github.com/book-expert/png-to-text-service/internal/ocr/cleaner.go:86.16,88.3 1 0
github.com/book-expert/png-to-text-service/internal/ocr/cleaner.go:90.2,90.25 1 9
github.com/book-expert/png-to-text-service/internal/ocr/cleaner.go:93.89,96.21 2 9
github.com/book-expert/png-to-text-service/internal/ocr/cleaner.go:96.21,98.17 2 11
github.com/book-expert/png-to-text-service/internal/ocr/cleaner.go:98.17,99.12 1 1
github.com/book-expert/png-to-text-service/internal/ocr/cleaner.go:102.3,102.44 1 10
github.com/book-expert/png-to-text-service/internal/ocr/cleaner.go:106.88,107.13 1 10
github.com/book-expert/png-to-text-service/internal/ocr/cleaner.go:107.13,109.3 1 1
github.com/book-expert/png-to-text-service/internal/ocr/cleaner.go:111.2,113.27 2 10
github.com/book-expert/png-to-text-service/internal/ocr/cleaner.go:116.62,125.2 5 9
github.com/book-expert/png-to-text-service/internal/ocr/cleaner.go:127.51,129.55 2 11
github.com/book-expert/png-to-text-service/internal/ocr/cleaner.go:129.55,131.3 1 1
github.com/book-expert/png-to-text-service/internal/ocr/cleaner.go:133.2,133.51 1 10
github.com/book-expert/png-to-text-service/internal/ocr/tesseract.go:86.74,91.2 1 2
github.com/book-expert/png-to-text-service/internal/ocr/tesseract.go:94.85,96.16 2 4
github.com/book-expert/png-to-text-service/internal/ocr/tesseract.go:96.16,98.3 1 4
github.com/book-expert/png-to-text-service/internal/ocr/tesseract.go:100.2,101.16 2 0
github.com/book-expert/png-to-text-service/internal/ocr/tesseract.go:101.16,103.3 1 0
github.com/book-expert/png-to-text-service/internal/ocr/tesseract.go:105.2,106.42 2 0
github.com/book-expert/png-to-text-service/internal/ocr/tesseract.go:106.42,112.3 1 0
github.com/book-expert/png-to-text-service/internal/ocr/tesseract.go:114.2,114.25 1 0
github.com/book-expert/png-to-text-service/internal/ocr/tesseract.go:118.56,119.58 1 4
github.com/book-expert/png-to-text-service/internal/ocr/tesseract.go:119.58,125.3 1 1
github.com/book-expert/png-to-text-service/internal/ocr/tesseract.go:127.2,128.16 2 3
github.com/book-expert/png-to-text-service/internal/ocr/tesseract.go:128.16,130.3 1 1
github.com/book-expert/png-to-text-service/internal/ocr/tesseract.go:132.2,132.18 1 2
github.com/book-expert/png-to-text-service/internal/ocr/tesseract.go:132.18,138.3 1 1
github.com/book-expert/png-to-text-service/internal/ocr/tesseract.go:140.2,140.22 1 1
github.com/book-expert/png-to-text-service/internal/ocr/tesseract.go:140.22,142.3 1 1
github.com/book-expert/png-to-text-service/internal/ocr/tesseract.go:144.2,144.12 1 0
github.com/book-expert/png-to-text-service/internal/ocr/tesseract.go:148.87,178.16 17 0
github.com/book-expert/png-to-text-service/internal/ocr/tesseract.go:178.16,180.62 1 0
github.com/book-expert/png-to-text-service/internal/ocr/tesseract.go:180.62,187.4 2 0
github.com/book-expert/png-to-text-service/internal/ocr/tesseract.go:189.3,193.4 1 0
github.com/book-expert/png-to-text-service/internal/ocr/tesseract.go:196.2,196.29 1 0
github.com/book-expert/png-to-text-service/internal/ocr/tesseract.go:200.89,229.16 17 0
github.com/book-expert/png-to-text-service/internal/ocr/tesseract.go:229.16,235.3 1 0
github.com/book-expert/png-to-text-service/internal/ocr/tesseract.go:237.2,237.29 1 0
github.com/book-expert/png-to-text-service/internal/ocr/tesseract.go:241.54,242.16 1 0
github.com/book-expert/png-to-text-service/internal/ocr/tesseract.go:242.16,244.3 1 0
github.com/book-expert/png-to-text-service/internal/ocr/tesseract.go:246.2,248.28 2 0
github.com/book-expert/png-to-text-service/internal/config/config.go:145.67,146.22 1 5
github.com/book-expert/png-to-text-service/internal/config/config.go:146.22,148.17 2 0
github.com/book-expert/png-to-text-service/internal/config/config.go:148.17,153.4 1 0
github.com/book-expert/png-to-text-service/internal/config/config.go:156.2,159.16 3 5
github.com/book-expert/png-to-text-service/internal/config/config.go:159.16,161.3 1 3
github.com/book-expert/png-to-text-service/internal/config/config.go:163.2,164.16 2 2
github.com/book-expert/png-to-text-service/internal/config/config.go:164.16,166.3 1 0
github.com/book-expert/png-to-text-service/internal/config/config.go:168.2,168.18 1 2
github.com/book-expert/png-to-text-service/internal/config/config.go:173.37,174.52 1 2
github.com/book-expert/png-to-text-service/internal/config/config.go:174.52,176.3 1 0
github.com/book-expert/png-to-text-service/internal/config/config.go:178.2,178.60 1 2
github.com/book-expert/png-to-text-service/internal/config/config.go:182.44,184.18 2 1
github.com/book-expert/png-to-text-service/internal/config/config.go:184.18,186.3 1 0
github.com/book-expert/png-to-text-service/internal/config/config.go:188.2,189.16 2 1
github.com/book-expert/png-to-text-service/internal/config/config.go:189.16,191.3 1 0
github.com/book-expert/png-to-text-service/internal/config/config.go:193.2,193.12 1 1
github.com/book-expert/png-to-text-service/internal/config/config.go:197.57,199.18 2 1
github.com/book-expert/png-to-text-service/internal/config/config.go:199.18,201.3 1 0
github.com/book-expert/png-to-text-service/internal/config/config.go:203.2,203.40 1 1
github.com/book-expert/png-to-text-service/internal/config/config.go:207.35,211.50 2 2
github.com/book-expert/png-to-text-service/internal/config/config.go:211.50,213.3 1 0
github.com/book-expert/png-to-text-service/internal/config/config.go:215.2,215.12 1 2
github.com/book-expert/png-to-text-service/internal/config/config.go:219.34,236.42 8 2
github.com/book-expert/png-to-text-service/internal/config/config.go:236.42,238.3 1 2
github.com/book-expert/png-to-text-service/internal/config/config.go:241.2,241.48 1 2
github.com/book-expert/png-to-text-service/internal/config/config.go:241.48,243.3 1 2
github.com/book-expert/png-to-text-service/internal/config/config.go:245.2,254.77 4 2
github.com/book-expert/png-to-text-service/internal/config/config.go:258.59,259.18 1 6
github.com/book-expert/png-to-text-service/internal/config/config.go:259.18,261.3 1 6
github.com/book-expert/png-to-text-service/internal/config/config.go:265.50,266.17 1 16
github.com/book-expert/png-to-text-service/internal/config/config.go:266.17,268.3 1 16
